{
  "RSpec": {
    "coverage": {
      "/Users/darylwatson/Desktop/projects/craftathon-1/spec/features/creating_job_feature_spec.rb": [
        1,
        null,
        1,
        null,
        1,
        null,
        1,
        1,
        1,
        1,
        1,
        4,
        1,
        1,
        null,
        null,
        null
      ],
      "/Users/darylwatson/Desktop/projects/craftathon-1/spec/rails_helper.rb": [
        null,
        1,
        1,
        null,
        1,
        1,
        1,
        1,
        null,
        null,
        null,
        null,
        null,
        null,
        null,
        null,
        null,
        null,
        null,
        null,
        null,
        null,
        null,
        null,
        null,
        null,
        null,
        1,
        null,
        1,
        null,
        1,
        null,
        null,
        null,
        null,
        1,
        null,
        null,
        null,
        null,
        null,
        null,
        null,
        null,
        null,
        null,
        null,
        null,
        null,
        null,
        1,
        null
      ],
      "/Users/darylwatson/Desktop/projects/craftathon-1/config/environment.rb": [
        null,
        1,
        null,
        null,
        1
      ],
      "/Users/darylwatson/Desktop/projects/craftathon-1/config/application.rb": [
        1,
        null,
        1,
        null,
        1,
        1,
        1,
        1,
        1,
        1,
        1,
        null,
        null,
        null,
        null,
        1,
        null,
        1,
        1,
        null,
        null,
        null,
        null,
        null,
        null,
        null,
        null,
        null,
        null,
        null,
        null,
        null,
        1,
        null,
        null
      ],
      "/Users/darylwatson/Desktop/projects/craftathon-1/config/boot.rb": [
        1,
        null,
        1
      ],
      "/Users/darylwatson/Desktop/projects/craftathon-1/config/environments/test.rb": [
        1,
        null,
        null,
        null,
        null,
        null,
        null,
        1,
        null,
        null,
        null,
        null,
        1,
        null,
        null,
        1,
        1,
        null,
        null,
        1,
        1,
        null,
        null,
        1,
        null,
        null,
        1,
        null,
        null,
        null,
        null,
        1,
        null,
        null,
        1,
        null,
        null,
        1,
        null,
        null,
        null,
        null
      ],
      "/Users/darylwatson/Desktop/projects/craftathon-1/config/initializers/assets.rb": [
        null,
        null,
        null,
        1,
        null,
        null,
        null,
        null,
        null,
        null,
        null
      ],
      "/Users/darylwatson/Desktop/projects/craftathon-1/config/initializers/backtrace_silencers.rb": [
        null,
        null,
        null,
        null,
        null,
        null,
        null
      ],
      "/Users/darylwatson/Desktop/projects/craftathon-1/config/initializers/cookies_serializer.rb": [
        null,
        null,
        1
      ],
      "/Users/darylwatson/Desktop/projects/craftathon-1/config/initializers/filter_parameter_logging.rb": [
        null,
        null,
        null,
        1
      ],
      "/Users/darylwatson/Desktop/projects/craftathon-1/config/initializers/inflections.rb": [
        null,
        null,
        null,
        null,
        null,
        null,
        null,
        null,
        null,
        null,
        null,
        null,
        null,
        null,
        null,
        null
      ],
      "/Users/darylwatson/Desktop/projects/craftathon-1/config/initializers/mime_types.rb": [
        null,
        null,
        null,
        null
      ],
      "/Users/darylwatson/Desktop/projects/craftathon-1/config/initializers/session_store.rb": [
        null,
        null,
        1
      ],
      "/Users/darylwatson/Desktop/projects/craftathon-1/config/initializers/wrap_parameters.rb": [
        null,
        null,
        null,
        null,
        null,
        null,
        1,
        1,
        null,
        null,
        null,
        null,
        null,
        null
      ],
      "/Users/darylwatson/Desktop/projects/craftathon-1/config/routes.rb": [
        1,
        null,
        null,
        1,
        1,
        1,
        null,
        1,
        1,
        null,
        null,
        null,
        null,
        null,
        null,
        null,
        null,
        null,
        null,
        null,
        null,
        null,
        null,
        null,
        null,
        null,
        null,
        null,
        null,
        null,
        null,
        null,
        null,
        null,
        null,
        null,
        null,
        null,
        null,
        null,
        null,
        null,
        null,
        null,
        null,
        null,
        null,
        null,
        null,
        null,
        null,
        null,
        null,
        null,
        null,
        null,
        null,
        null,
        null,
        null,
        null,
        null
      ],
      "/Users/darylwatson/Desktop/projects/craftathon-1/app/helpers/application_helper.rb": [
        1,
        null
      ],
      "/Users/darylwatson/Desktop/projects/craftathon-1/app/helpers/employers_helper.rb": [
        1,
        null
      ],
      "/Users/darylwatson/Desktop/projects/craftathon-1/app/helpers/jobapplications_helper.rb": [
        1,
        null
      ],
      "/Users/darylwatson/Desktop/projects/craftathon-1/app/helpers/jobhunters_helper.rb": [
        1,
        null
      ],
      "/Users/darylwatson/Desktop/projects/craftathon-1/app/helpers/jobs_helper.rb": [
        1,
        null
      ],
      "/Users/darylwatson/Desktop/projects/craftathon-1/app/helpers/questionaires_helper.rb": [
        1,
        null
      ],
      "/Users/darylwatson/Desktop/projects/craftathon-1/app/helpers/welcome_helper.rb": [
        1,
        null
      ],
      "/Users/darylwatson/Desktop/projects/craftathon-1/spec/features/homepage_feature_spec.rb": [
        1,
        null,
        1,
        null,
        1,
        1,
        1,
        1,
        1,
        null,
        null,
        1,
        1,
        1,
        1,
        1,
        null,
        null
      ],
      "/Users/darylwatson/Desktop/projects/craftathon-1/spec/features/job_applications_feature_spec.rb": [
        1,
        null,
        1,
        1,
        1,
        1,
        null,
        1,
        1,
        1,
        null,
        null
      ],
      "/Users/darylwatson/Desktop/projects/craftathon-1/spec/features/recruite_suitable_talents_spec.rb": [
        1,
        1,
        null,
        1,
        1,
        2,
        2,
        2,
        2,
        2,
        null,
        null,
        1,
        1,
        null,
        null,
        1,
        1,
        1,
        1,
        null,
        null
      ],
      "/Users/darylwatson/Desktop/projects/craftathon-1/spec/models/job_spec.rb": [
        1,
        null,
        1,
        null,
        2,
        null,
        null
      ],
      "/Users/darylwatson/Desktop/projects/craftathon-1/app/models/job.rb": [
        1,
        1,
        1,
        null
      ],
      "/Users/darylwatson/Desktop/projects/craftathon-1/spec/models/jobapplications_spec.rb": [
        1,
        null,
        1,
        null,
        2,
        2,
        null,
        null
      ],
      "/Users/darylwatson/Desktop/projects/craftathon-1/app/models/job_application.rb": [
        1,
        1,
        1,
        null,
        null
      ],
      "/Users/darylwatson/Desktop/projects/craftathon-1/spec/models/jobhunter_spec.rb": [
        1,
        null,
        1,
        null,
        2,
        null,
        null
      ],
      "/Users/darylwatson/Desktop/projects/craftathon-1/app/models/jobhunter.rb": [
        1,
        1,
        null
      ],
      "/Users/darylwatson/Desktop/projects/craftathon-1/app/controllers/questionaires_controller.rb": [
        1,
        1,
        2,
        null,
        null,
        1,
        1,
        1,
        1,
        1,
        1,
        1,
        null,
        null,
        1,
        1,
        null,
        null
      ],
      "/Users/darylwatson/Desktop/projects/craftathon-1/app/controllers/application_controller.rb": [
        1,
        null,
        null,
        1,
        null
      ],
      "/Users/darylwatson/Desktop/projects/craftathon-1/app/models/questionaire.rb": [
        1,
        1,
        null
      ],
      "/Users/darylwatson/Desktop/projects/craftathon-1/app/controllers/jobs_controller.rb": [
        1,
        1,
        4,
        null,
        null,
        1,
        0,
        null,
        null
      ],
      "/Users/darylwatson/Desktop/projects/craftathon-1/app/controllers/welcome_controller.rb": [
        1,
        1,
        null,
        null
      ],
      "/Users/darylwatson/Desktop/projects/craftathon-1/app/controllers/jobapplications_controller.rb": [
        1,
        null,
        1,
        2,
        null,
        null,
        1,
        1,
        1,
        1,
        1,
        null,
        null
      ]
    },
    "timestamp": 1438356039
  }
}
